<?xml version="1.0" encoding="UTF-8"?>
<!-- Generated by org.testng.reporters.JUnitReportReporter -->
<testsuite name="qsp.DemoB" tests="1" time="4.454" ignored="0" failures="0" timestamp="03 Feb 2018 10:41:49 GMT" skipped="0" hostname="CBT-002" errors="0">
  <testcase name="testA" time="4.454" classname="qsp.DemoB"/>
</testsuite> <!-- qsp.DemoB -->
